<?xml version="1.0" encoding="UTF-8"?>
<testsuite name="SillyTest" tests="5" skipped="0" failures="0" errors="0" timestamp="2022-10-03T00:31:54" hostname="TABLET-89U53BSL" time="0.075">
  <properties/>
  <testcase name="testTask1" classname="SillyTest" time="0.047"/>
  <testcase name="testTask2" classname="SillyTest" time="0.023"/>
  <testcase name="testTask3" classname="SillyTest" time="0.002"/>
  <testcase name="testTask4" classname="SillyTest" time="0.001"/>
  <testcase name="testTask5" classname="SillyTest" time="0.002"/>
  <system-out><![CDATA[]]></system-out>
  <system-err><![CDATA[]]></system-err>
</testsuite>
